<?xml version="1.0" encoding="UTF-8"?>
<!-- Generated by org.testng.reporters.JUnitReportReporter -->
<testsuite skipped="0" hostname="DESKTOP-Q6H280O" name="DemoBlaze.testCases.TestCase2" tests="2" failures="0" timestamp="2024-04-24T14:12:26 EDT" time="14.936" errors="0">
  <testcase name="addtoCart" time="14.618" classname="DemoBlaze.testCases.TestCase2"/>
  <system-out/>
  <testcase name="purchase" time="0.318" classname="DemoBlaze.testCases.TestCase2"/>
  <system-out/>
</testsuite> <!-- DemoBlaze.testCases.TestCase2 -->
