<?xml version="1.0" encoding="UTF-8"?>
<!-- Generated by org.testng.reporters.JUnitReportReporter -->
<testsuite skipped="0" hostname="DESKTOP-Q6H280O" name="DemoBlaze.testCases.TestCase1" tests="1" failures="0" timestamp="2024-04-24T15:21:10 EDT" time="11.403" errors="0">
  <testcase name="signUpTest" time="11.403" classname="DemoBlaze.testCases.TestCase1"/>
  <system-out/>
</testsuite> <!-- DemoBlaze.testCases.TestCase1 -->
