<?xml version="1.0" encoding="UTF-8"?>
<!-- Generated by org.testng.reporters.JUnitReportReporter -->
<testsuite skipped="0" hostname="DESKTOP-Q6H280O" name="DemoBlaze.testCases.TestCase3" tests="1" failures="0" timestamp="2024-04-24T14:15:29 EDT" time="17.434" errors="0">
  <testcase name="category" time="17.434" classname="DemoBlaze.testCases.TestCase3"/>
  <system-out/>
</testsuite> <!-- DemoBlaze.testCases.TestCase3 -->
